[13 Dez 2011 16:28:11] Building database metadata model
[13 Dez 2011 16:28:11] Properties: {partialRefresh=false, processColumnsUsingSelect=, outputPath=C:\Users\Jorge\Desktop\ACS\Projectos\ForSale\WEBratio\.Temp~\DB.xml, schemaRegex=null, readProcedures=null, includeViews=true, derby.system.home=C:\WebRatio\WebRatio Personal 6.1.1\workspace\.metadata\.plugins\com.webratio.commons.db\derby, includePrimaryKeys=true, url=jdbc:mysql://localhost:3306/ForSale, eventSocketClient=com.webratio.commons.net.EventSocketClient@181c87, includeTables=true, username=root, tableRegex=null, outputLogPath=C:\Users\Jorge\Desktop\ACS\Projectos\ForSale\WEBratio\.Temp~\DB.xml.log, includeForeignKeys=false, retrieveAllNames=false, readIndexes=null, driverClass=com.mysql.jdbc.Driver, tablesToRefresh=, eventSocketPort=56809, includeSynonyms=true, metaDataProviderClass=com.webratio.commons.db.metadata.MySQLMetaDataProvider}
[13 Dez 2011 16:28:11] URL: jdbc:mysql://localhost:3306/ForSale
[13 Dez 2011 16:28:11] Product name: MySQL
[13 Dez 2011 16:28:11] Product version: 5.5.16-log
[13 Dez 2011 16:28:11] Driver name: MySQL-AB JDBC Driver
[13 Dez 2011 16:28:11] Driver version: mysql-connector-java-5.1.18 ( Revision: tonci.grgin@oracle.com-20110930151701-jfj14ddfq48ifkfq )
[13 Dez 2011 16:28:11] Driver major version: 5
[13 Dez 2011 16:28:11] Driver minor version: 1
[13 Dez 2011 16:28:11] Identifier quote string: 1
[13 Dez 2011 16:28:11] Retrieving schemas
[13 Dez 2011 16:28:11] Retrieving [TABLE, VIEW, SYNONYM] for schema ''
[13 Dez 2011 16:28:11]   Found 'anuncios' [type = TABLE]
[13 Dez 2011 16:28:11]   Found 'comentarios' [type = TABLE]
[13 Dez 2011 16:28:11]   Found 'fotografias' [type = TABLE]
[13 Dez 2011 16:28:11]   Found 'group' [type = TABLE]
[13 Dez 2011 16:28:11]   Found 'group_module' [type = TABLE]
[13 Dez 2011 16:28:11]   Found 'module' [type = TABLE]
[13 Dez 2011 16:28:11]   Found 'permissoes' [type = TABLE]
[13 Dez 2011 16:28:11]   Found 'tipo_de_utilizador' [type = TABLE]
[13 Dez 2011 16:28:11]   Found 'tipo_de_utilizador_permissoes' [type = TABLE]
[13 Dez 2011 16:28:11]   Found 'user' [type = TABLE]
[13 Dez 2011 16:28:11]   Found 'user_group' [type = TABLE]
[13 Dez 2011 16:28:11]   Found 'utilizadores' [type = TABLE]
[13 Dez 2011 16:28:11] Retrieving columns for 'anuncios' [type = TABLE]
[13 Dez 2011 16:28:11]   Found column: id_anuncio [type = INT][SQL/XOPEN type = 4][size = 10][dec. digits = 0]
[13 Dez 2011 16:28:11]   Found column: data [type = DATE][SQL/XOPEN type = 91][size = 10][dec. digits = 0]
[13 Dez 2011 16:28:11]   Found column: marca [type = VARCHAR][SQL/XOPEN type = 12][size = 255][dec. digits = 0]
[13 Dez 2011 16:28:11]   Found column: modelo [type = VARCHAR][SQL/XOPEN type = 12][size = 255][dec. digits = 0]
[13 Dez 2011 16:28:11]   Found column: descricao [type = VARCHAR][SQL/XOPEN type = 12][size = 255][dec. digits = 0]
[13 Dez 2011 16:28:11]   Found column: titulo [type = VARCHAR][SQL/XOPEN type = 12][size = 255][dec. digits = 0]
[13 Dez 2011 16:28:11]   Found column: cilindrada [type = VARCHAR][SQL/XOPEN type = 12][size = 255][dec. digits = 0]
[13 Dez 2011 16:28:11]   Found column: cor [type = VARCHAR][SQL/XOPEN type = 12][size = 255][dec. digits = 0]
[13 Dez 2011 16:28:11]   Found column: tipo [type = VARCHAR][SQL/XOPEN type = 12][size = 255][dec. digits = 0]
[13 Dez 2011 16:28:11]   Found column: carrocaria [type = VARCHAR][SQL/XOPEN type = 12][size = 255][dec. digits = 0]
[13 Dez 2011 16:28:11]   Found column: combustivel [type = VARCHAR][SQL/XOPEN type = 12][size = 255][dec. digits = 0]
[13 Dez 2011 16:28:11]   Found column: fotografias_id_foto [type = INT][SQL/XOPEN type = 4][size = 10][dec. digits = 0]
[13 Dez 2011 16:28:11]   Found column: comentarios_id_comentario [type = INT][SQL/XOPEN type = 4][size = 10][dec. digits = 0]
[13 Dez 2011 16:28:11] Retrieving primary keys for 'anuncios' [type = TABLE]
[13 Dez 2011 16:28:11]   Found primary key column: id_anuncio
[13 Dez 2011 16:28:11] Retrieving columns for 'comentarios' [type = TABLE]
[13 Dez 2011 16:28:11]   Found column: id_comentario [type = INT][SQL/XOPEN type = 4][size = 10][dec. digits = 0]
[13 Dez 2011 16:28:11]   Found column: comentario [type = VARCHAR][SQL/XOPEN type = 12][size = 255][dec. digits = 0]
[13 Dez 2011 16:28:11]   Found column: estado [type = BIT][SQL/XOPEN type = -7][size = 1][dec. digits = 0]
[13 Dez 2011 16:28:11] Retrieving primary keys for 'comentarios' [type = TABLE]
[13 Dez 2011 16:28:11]   Found primary key column: id_comentario
[13 Dez 2011 16:28:11] Retrieving columns for 'fotografias' [type = TABLE]
[13 Dez 2011 16:28:11]   Found column: id_foto [type = INT][SQL/XOPEN type = 4][size = 10][dec. digits = 0]
[13 Dez 2011 16:28:11]   Found column: nome [type = VARCHAR][SQL/XOPEN type = 12][size = 255][dec. digits = 0]
[13 Dez 2011 16:28:11]   Found column: foto [type = VARCHAR][SQL/XOPEN type = 12][size = 255][dec. digits = 0]
[13 Dez 2011 16:28:11] Retrieving primary keys for 'fotografias' [type = TABLE]
[13 Dez 2011 16:28:11]   Found primary key column: id_foto
[13 Dez 2011 16:28:11] Retrieving columns for 'group' [type = TABLE]
[13 Dez 2011 16:28:11]   Found column: oid [type = INT][SQL/XOPEN type = 4][size = 10][dec. digits = 0]
[13 Dez 2011 16:28:11]   Found column: groupname [type = VARCHAR][SQL/XOPEN type = 12][size = 255][dec. digits = 0]
[13 Dez 2011 16:28:11]   Found column: module_oid [type = INT][SQL/XOPEN type = 4][size = 10][dec. digits = 0]
[13 Dez 2011 16:28:11] Retrieving primary keys for 'group' [type = TABLE]
[13 Dez 2011 16:28:11]   Found primary key column: oid
[13 Dez 2011 16:28:11] Retrieving columns for 'group_module' [type = TABLE]
[13 Dez 2011 16:28:11]   Found column: group_oid [type = INT][SQL/XOPEN type = 4][size = 10][dec. digits = 0]
[13 Dez 2011 16:28:11]   Found column: module_oid [type = INT][SQL/XOPEN type = 4][size = 10][dec. digits = 0]
[13 Dez 2011 16:28:11] Retrieving primary keys for 'group_module' [type = TABLE]
[13 Dez 2011 16:28:11]   Found primary key column: group_oid
[13 Dez 2011 16:28:11]   Found primary key column: module_oid
[13 Dez 2011 16:28:11] Retrieving columns for 'module' [type = TABLE]
[13 Dez 2011 16:28:11]   Found column: oid [type = INT][SQL/XOPEN type = 4][size = 10][dec. digits = 0]
[13 Dez 2011 16:28:11]   Found column: moduleid [type = VARCHAR][SQL/XOPEN type = 12][size = 255][dec. digits = 0]
[13 Dez 2011 16:28:11]   Found column: modulename [type = VARCHAR][SQL/XOPEN type = 12][size = 255][dec. digits = 0]
[13 Dez 2011 16:28:11] Retrieving primary keys for 'module' [type = TABLE]
[13 Dez 2011 16:28:11]   Found primary key column: oid
[13 Dez 2011 16:28:11] Retrieving columns for 'permissoes' [type = TABLE]
[13 Dez 2011 16:28:11]   Found column: id_permissao [type = INT][SQL/XOPEN type = 4][size = 10][dec. digits = 0]
[13 Dez 2011 16:28:11]   Found column: nome [type = VARCHAR][SQL/XOPEN type = 12][size = 255][dec. digits = 0]
[13 Dez 2011 16:28:11] Retrieving primary keys for 'permissoes' [type = TABLE]
[13 Dez 2011 16:28:11]   Found primary key column: id_permissao
[13 Dez 2011 16:28:11] Retrieving columns for 'tipo_de_utilizador' [type = TABLE]
[13 Dez 2011 16:28:11]   Found column: id_tipo [type = INT][SQL/XOPEN type = 4][size = 10][dec. digits = 0]
[13 Dez 2011 16:28:11]   Found column: descricao [type = VARCHAR][SQL/XOPEN type = 12][size = 255][dec. digits = 0]
[13 Dez 2011 16:28:11]   Found column: utilizadores_id_utilizador [type = INT][SQL/XOPEN type = 4][size = 10][dec. digits = 0]
[13 Dez 2011 16:28:11] Retrieving primary keys for 'tipo_de_utilizador' [type = TABLE]
[13 Dez 2011 16:28:11]   Found primary key column: id_tipo
[13 Dez 2011 16:28:11] Retrieving columns for 'tipo_de_utilizador_permissoes' [type = TABLE]
[13 Dez 2011 16:28:11]   Found column: tipo_de_utilizador_id_tipo [type = INT][SQL/XOPEN type = 4][size = 10][dec. digits = 0]
[13 Dez 2011 16:28:11]   Found column: permissoes_id_permissao [type = INT][SQL/XOPEN type = 4][size = 10][dec. digits = 0]
[13 Dez 2011 16:28:11] Retrieving primary keys for 'tipo_de_utilizador_permissoes' [type = TABLE]
[13 Dez 2011 16:28:11]   Found primary key column: tipo_de_utilizador_id_tipo
[13 Dez 2011 16:28:11]   Found primary key column: permissoes_id_permissao
[13 Dez 2011 16:28:11] Retrieving columns for 'user' [type = TABLE]
[13 Dez 2011 16:28:11]   Found column: oid [type = INT][SQL/XOPEN type = 4][size = 10][dec. digits = 0]
[13 Dez 2011 16:28:11]   Found column: username [type = VARCHAR][SQL/XOPEN type = 12][size = 255][dec. digits = 0]
[13 Dez 2011 16:28:11]   Found column: password [type = VARCHAR][SQL/XOPEN type = 12][size = 255][dec. digits = 0]
[13 Dez 2011 16:28:11]   Found column: email [type = VARCHAR][SQL/XOPEN type = 12][size = 255][dec. digits = 0]
[13 Dez 2011 16:28:11]   Found column: group_oid [type = INT][SQL/XOPEN type = 4][size = 10][dec. digits = 0]
[13 Dez 2011 16:28:11] Retrieving primary keys for 'user' [type = TABLE]
[13 Dez 2011 16:28:11]   Found primary key column: oid
[13 Dez 2011 16:28:11] Retrieving columns for 'user_group' [type = TABLE]
[13 Dez 2011 16:28:11]   Found column: user_oid [type = INT][SQL/XOPEN type = 4][size = 10][dec. digits = 0]
[13 Dez 2011 16:28:11]   Found column: group_oid [type = INT][SQL/XOPEN type = 4][size = 10][dec. digits = 0]
[13 Dez 2011 16:28:11] Retrieving primary keys for 'user_group' [type = TABLE]
[13 Dez 2011 16:28:11]   Found primary key column: user_oid
[13 Dez 2011 16:28:11]   Found primary key column: group_oid
[13 Dez 2011 16:28:11] Retrieving columns for 'utilizadores' [type = TABLE]
[13 Dez 2011 16:28:11]   Found column: id_utilizador [type = INT][SQL/XOPEN type = 4][size = 10][dec. digits = 0]
[13 Dez 2011 16:28:11]   Found column: nome [type = VARCHAR][SQL/XOPEN type = 12][size = 255][dec. digits = 0]
[13 Dez 2011 16:28:11]   Found column: email [type = VARCHAR][SQL/XOPEN type = 12][size = 255][dec. digits = 0]
[13 Dez 2011 16:28:11]   Found column: telemovel [type = INT][SQL/XOPEN type = 4][size = 10][dec. digits = 0]
[13 Dez 2011 16:28:11]   Found column: estado [type = BIT][SQL/XOPEN type = -7][size = 1][dec. digits = 0]
[13 Dez 2011 16:28:11]   Found column: anuncios_id_anuncio [type = INT][SQL/XOPEN type = 4][size = 10][dec. digits = 0]
[13 Dez 2011 16:28:11]   Found column: comentarios_id_comentario [type = INT][SQL/XOPEN type = 4][size = 10][dec. digits = 0]
[13 Dez 2011 16:28:11] Retrieving primary keys for 'utilizadores' [type = TABLE]
[13 Dez 2011 16:28:11]   Found primary key column: id_utilizador
[13 Dez 2011 16:28:11] Retrieving auto-increment columns for 'anuncios' [type = TABLE]
[13 Dez 2011 16:28:11] Retrieving auto-increment columns for 'comentarios' [type = TABLE]
[13 Dez 2011 16:28:11] Retrieving auto-increment columns for 'fotografias' [type = TABLE]
[13 Dez 2011 16:28:11] Retrieving auto-increment columns for 'group' [type = TABLE]
[13 Dez 2011 16:28:11] Retrieving auto-increment columns for 'group_module' [type = TABLE]
[13 Dez 2011 16:28:11] Retrieving auto-increment columns for 'module' [type = TABLE]
[13 Dez 2011 16:28:11] Retrieving auto-increment columns for 'permissoes' [type = TABLE]
[13 Dez 2011 16:28:11] Retrieving auto-increment columns for 'tipo_de_utilizador' [type = TABLE]
[13 Dez 2011 16:28:11] Retrieving auto-increment columns for 'tipo_de_utilizador_permissoes' [type = TABLE]
[13 Dez 2011 16:28:11] Retrieving auto-increment columns for 'user' [type = TABLE]
[13 Dez 2011 16:28:11] Retrieving auto-increment columns for 'user_group' [type = TABLE]
[13 Dez 2011 16:28:11] Retrieving auto-increment columns for 'utilizadores' [type = TABLE]
[13 Dez 2011 16:28:12] Database connection closed
