[18 Jan 2012 05:36:54] DEBUG Executing SQL script
[18 Jan 2012 05:36:54] INFO ================================================================================
[18 Jan 2012 05:36:54] INFO outputPath= 'C:\Users\Jorge\Desktop\ACS\Projectos\ForSale\WEBratio\.Temp~\UpdateSQL.xml'
[18 Jan 2012 05:36:54] INFO onError= 'continue'
[18 Jan 2012 05:36:54] INFO statementSeparator= ';'
[18 Jan 2012 05:36:54] INFO derby.system.home= 'C:\WebRatio\WebRatio Personal 6.1.1\workspace\.metadata\.plugins\com.webratio.commons.db\derby'
[18 Jan 2012 05:36:54] INFO password= ''
[18 Jan 2012 05:36:54] INFO url= 'jdbc:mysql://localhost:3306/test'
[18 Jan 2012 05:36:54] INFO username= 'root'
[18 Jan 2012 05:36:54] INFO autoCommit= 'false'
[18 Jan 2012 05:36:54] INFO outputLogPath= 'C:\Users\Jorge\Desktop\ACS\Projectos\ForSale\WEBratio\.Temp~\UpdateSQL.xml.log'
[18 Jan 2012 05:36:54] INFO driverClass= 'com.mysql.jdbc.Driver'
[18 Jan 2012 05:36:54] INFO encoding= ''
[18 Jan 2012 05:36:54] INFO eventSocketPort= '57285'
[18 Jan 2012 05:36:54] INFO sqlScript= 'C:\Users\Jorge\Desktop\ACS\Projectos\ForSale\WEBratio\.Temp~\UpdateSQL.sql'
[18 Jan 2012 05:36:54] INFO ================================================================================
[18 Jan 2012 05:36:54] INFO Connecting to the Database...
[18 Jan 2012 05:36:54] INFO Database connection estabilished
[18 Jan 2012 05:36:54] INFO transaction isolation: 4
[18 Jan 2012 05:36:54] DEBUG ================================================================================
[18 Jan 2012 05:36:54] DEBUG Executing SQL script file: C:\Users\Jorge\Desktop\ACS\Projectos\ForSale\WEBratio\.Temp~\UpdateSQL.sql
[18 Jan 2012 05:36:54] DEBUG Executing statement:  alter table `comentarios`  add column  `username`  varchar(255)
[18 Jan 2012 05:36:54] DEBUG ================================================================================
[18 Jan 2012 05:36:54] DEBUG SQL SCRIPT SUCCESSFULLY EXECUTED
[18 Jan 2012 05:36:54] INFO Database connection closed
[18 Jan 2012 05:36:54] DEBUG Total time: 549 milliseconds
